<?xml version="1.0" encoding="UTF-8"?>
<!-- Generated by org.testng.reporters.JUnitReportReporter -->
<testsuite hostname="DESKTOP-ISIJ8S4" failures="0" tests="1" name="tests.BankAllFeatureCheck" time="49.238" errors="0" timestamp="2022-01-01T10:42:24 BDT" skipped="0">
  <testcase classname="tests.BankAllFeatureCheck" name="DarazBuyTest" time="49.238"/>
  <system-out/>
</testsuite> <!-- tests.BankAllFeatureCheck -->
