<?xml version="1.0" encoding="UTF-8"?>
<!-- Generated by org.testng.reporters.JUnitReportReporter -->
<testsuite hostname="DESKTOP-ISIJ8S4" failures="0" tests="1" name="tests.Flipkart" time="11.379" errors="0" timestamp="2021-12-14T17:11:27 BDT" skipped="0">
  <testcase classname="tests.Flipkart" name="loginTest" time="11.379"/>
  <system-out/>
</testsuite> <!-- tests.Flipkart -->
