<?xml version="1.0" encoding="UTF-8"?>
<!-- Generated by org.testng.reporters.JUnitReportReporter -->
<testsuite hostname="DESKTOP-ISIJ8S4" failures="0" tests="1" name="tests.Price_Compare" time="70.802" errors="0" timestamp="2021-12-14T21:39:22 BDT" skipped="0">
  <testcase classname="tests.Price_Compare" name="comparePrice" time="70.802"/>
  <system-out/>
</testsuite> <!-- tests.Price_Compare -->
