<?xml version="1.0" encoding="UTF-8"?>
<!-- Generated by org.testng.reporters.JUnitReportReporter -->
<testsuite hostname="DESKTOP-ISIJ8S4" failures="0" tests="1" name="tests.Amazon" time="9.510" errors="0" timestamp="2021-12-14T16:40:42 BDT" skipped="0">
  <testcase classname="tests.Amazon" name="loginTest" time="9.510"/>
  <system-out/>
</testsuite> <!-- tests.Amazon -->
