<?xml version="1.0" encoding="UTF-8"?>
<!-- Generated by org.testng.reporters.JUnitReportReporter -->
<testsuite hostname="DESKTOP-ISIJ8S4" failures="0" tests="1" name="assignment.one.assignmentOne" time="24.522" errors="0" timestamp="2021-11-24T18:06:12 BDT" skipped="0">
  <testcase classname="assignment.one.assignmentOne" name="amazonAndflipkart" time="24.522"/>
  <system-out/>
</testsuite> <!-- assignment.one.assignmentOne -->
