<?xml version="1.0" encoding="UTF-8"?>
<!-- Generated by org.testng.reporters.JUnitReportReporter -->
<testsuite hostname="DESKTOP-ISIJ8S4" failures="0" tests="1" name="tests.Login" time="9.610" errors="0" timestamp="2021-12-12T23:01:26 BDT" skipped="0">
  <testcase classname="tests.Login" name="loginTest" time="9.610"/>
  <system-out/>
</testsuite> <!-- tests.Login -->
