<?xml version="1.0" encoding="UTF-8"?>
<!-- Generated by org.testng.reporters.JUnitReportReporter -->
<testsuite hostname="DESKTOP-ISIJ8S4" failures="0" tests="1" name="automation.Finish.class6A.run" time="17.283" errors="0" timestamp="2021-11-23T07:41:50 BDT" skipped="0">
  <testcase classname="automation.Finish.class6A.run" name="run" time="17.283"/>
  <system-out/>
</testsuite> <!-- automation.Finish.class6A.run -->
